================================================================
======== txAdmin v8.1.1 atop fxserver 31039 Starting - 21/06/2026, 16.59.15
================================================================
[17.02.28] txAdmin: Logger started
[17.23.19] txAdmin: Logger started
[17.45.32] txAdmin: Logger started
[17.49.15] txAdmin: Logger started
[17.51.02] txAdmin: Logger started
[17.51.44] txAdmin: Logger started
[17.53.08] txAdmin: Logger started
[18.00.43] txAdmin: Logger started
[18.00.55] [DJwCR#1] POLISI-FOXY: joined with identifiers [license:463f…1c8a, discord:1264…9285, fivem:16648646, license2:5293…63ec]
[18.02.12] [DJwCR#1] POLISI-FOXY: said "/e vitaminaloop1"
[18.02.18] [DJwCR#1] POLISI-FOXY: disconnected (Exiting)
[18.04.33] [DJwCR#2] POLISI-FOXY: joined with identifiers [license:463f…1c8a, discord:1264…9285, fivem:16648646, license2:5293…63ec]
[18.05.11] [DJwCR#2] POLISI-FOXY: enabled noclip
[18.05.18] [DJwCR#2] POLISI-FOXY: became mortal (standard mode)
[18.05.58] [DJwCR#2] POLISI-FOXY: disconnected (Server->client connection timed out. Last seen 80 msec ago.)
[18.12.24] txAdmin: Logger started
[18.12.30] [nA3Ln#1] POLISI-FOXY: joined with identifiers [license:463f…1c8a, discord:1264…9285, fivem:16648646, license2:5293…63ec]
[18.13.03] [nA3Ln#1] POLISI-FOXY: said "/skin"
[18.13.17] [nA3Ln#1] POLISI-FOXY: enabled noclip
[18.13.23] [nA3Ln#1] POLISI-FOXY: became mortal (standard mode)
[18.14.01] [nA3Ln#1] POLISI-FOXY: disconnected (Exiting)
[18.19.07] [nA3Ln#2] POLISI-FOXY: joined with identifiers [license:463f…1c8a, discord:1264…9285, fivem:16648646, license2:5293…63ec]
[18.24.23] [nA3Ln#2] POLISI-FOXY: disconnected (Server->client connection timed out. Last seen 62 msec ago.)
[18.32.54] txAdmin: Logger started
[18.33.02] [K8ptN#1] POLISI-FOXY: joined with identifiers [license:463f…1c8a, discord:1264…9285, fivem:16648646, license2:5293…63ec]
[18.34.03] [K8ptN#1] POLISI-FOXY: disconnected (Server->client connection timed out. Last seen 52 msec ago.)
[18.42.00] [K8ptN#2] POLISI-FOXY: joined with identifiers [license:463f…1c8a, discord:1264…9285, fivem:16648646, license2:5293…63ec]
[18.46.06] [K8ptN#2] POLISI-FOXY: disconnected (Exiting)
