================================================================
======== txAdmin v8.1.1 atop fxserver 31039 Starting - 21/06/2026, 16.59.15
================================================================
[17.02.28] txAdmin: Logger started
[17.23.19] txAdmin: Logger started
[17.45.32] txAdmin: Logger started
[17.49.15] txAdmin: Logger started
[17.51.02] txAdmin: Logger started
[17.51.44] txAdmin: Logger started
[17.53.08] txAdmin: Logger started
[18.00.43] txAdmin: Logger started
[18.00.55] [DJwCR#1] POLISI-FOXY: joined with identifiers [license:463f…1c8a, discord:1264…9285, fivem:16648646, license2:5293…63ec]
[18.02.12] [DJwCR#1] POLISI-FOXY: said "/e vitaminaloop1"
[18.02.18] [DJwCR#1] POLISI-FOXY: disconnected (Exiting)
[18.04.33] [DJwCR#2] POLISI-FOXY: joined with identifiers [license:463f…1c8a, discord:1264…9285, fivem:16648646, license2:5293…63ec]
[18.05.11] [DJwCR#2] POLISI-FOXY: enabled noclip
[18.05.18] [DJwCR#2] POLISI-FOXY: became mortal (standard mode)
[18.05.58] [DJwCR#2] POLISI-FOXY: disconnected (Server->client connection timed out. Last seen 80 msec ago.)
[18.12.24] txAdmin: Logger started
[18.12.30] [nA3Ln#1] POLISI-FOXY: joined with identifiers [license:463f…1c8a, discord:1264…9285, fivem:16648646, license2:5293…63ec]
[18.13.03] [nA3Ln#1] POLISI-FOXY: said "/skin"
[18.13.17] [nA3Ln#1] POLISI-FOXY: enabled noclip
[18.13.23] [nA3Ln#1] POLISI-FOXY: became mortal (standard mode)
[18.14.01] [nA3Ln#1] POLISI-FOXY: disconnected (Exiting)
[18.19.07] [nA3Ln#2] POLISI-FOXY: joined with identifiers [license:463f…1c8a, discord:1264…9285, fivem:16648646, license2:5293…63ec]
[18.24.23] [nA3Ln#2] POLISI-FOXY: disconnected (Server->client connection timed out. Last seen 62 msec ago.)
[18.32.54] txAdmin: Logger started
[18.33.02] [K8ptN#1] POLISI-FOXY: joined with identifiers [license:463f…1c8a, discord:1264…9285, fivem:16648646, license2:5293…63ec]
[18.34.03] [K8ptN#1] POLISI-FOXY: disconnected (Server->client connection timed out. Last seen 52 msec ago.)
[18.42.00] [K8ptN#2] POLISI-FOXY: joined with identifiers [license:463f…1c8a, discord:1264…9285, fivem:16648646, license2:5293…63ec]
[18.46.06] [K8ptN#2] POLISI-FOXY: disconnected (Exiting)
[18.52.18] [K8ptN#3] POLISI-FOXY: joined with identifiers [license:463f…1c8a, discord:1264…9285, fivem:16648646, license2:5293…63ec]
[18.53.14] [K8ptN#3] POLISI-FOXY: enabled noclip
[18.53.39] [K8ptN#3] POLISI-FOXY: became mortal (standard mode)
[18.53.44] [K8ptN#3] POLISI-FOXY: enabled noclip
[18.53.46] [K8ptN#3] POLISI-FOXY: became mortal (standard mode)
[18.53.48] [K8ptN#3] POLISI-FOXY: enabled noclip
[18.53.51] [K8ptN#3] POLISI-FOXY: healed themself
[18.53.52] [K8ptN#3] POLISI-FOXY: became mortal (standard mode)
[18.53.54] [K8ptN#3] POLISI-FOXY: enabled noclip
[18.53.56] [K8ptN#3] POLISI-FOXY: became mortal (standard mode)
[18.53.58] [K8ptN#3] POLISI-FOXY: enabled noclip
[18.54.01] [K8ptN#3] POLISI-FOXY: became mortal (standard mode)
[18.54.30] txAdmin: Logger started
[18.55.00] [cWxNe#1] POLISI-FOXY: joined with identifiers [license:463f…1c8a, discord:1264…9285, fivem:16648646, license2:5293…63ec]
[18.59.22] [cWxNe#1] POLISI-FOXY: died from suicide
[18.59.34] [cWxNe#1] POLISI-FOXY: healed themself
[18.59.46] [cWxNe#1] POLISI-FOXY: enabled noclip
[19.01.09] [cWxNe#1] POLISI-FOXY: disconnected (Exiting)
[19.01.20] txAdmin: Logger started
[19.02.02] [E8dP9#1] POLISI-FOXY: joined with identifiers [license:463f…1c8a, discord:1264…9285, fivem:16648646, license2:5293…63ec]
[19.02.31] [E8dP9#1] POLISI-FOXY: died from suicide (Falling)
[19.02.38] [E8dP9#1] POLISI-FOXY: healed themself
[19.02.40] [E8dP9#1] POLISI-FOXY: enabled noclip
[19.02.45] [E8dP9#1] POLISI-FOXY: became mortal (standard mode)
[19.14.27] [E8dP9#1] POLISI-FOXY: enabled noclip
[19.14.29] [E8dP9#1] POLISI-FOXY: became mortal (standard mode)
[19.14.37] [E8dP9#1] POLISI-FOXY: enabled noclip
[19.14.40] [E8dP9#1] POLISI-FOXY: became mortal (standard mode)
[19.14.40] [E8dP9#1] POLISI-FOXY: enabled noclip
[19.14.41] [E8dP9#1] POLISI-FOXY: became mortal (standard mode)
[19.14.58] [E8dP9#1] POLISI-FOXY: enabled noclip
[19.15.00] [E8dP9#1] POLISI-FOXY: became mortal (standard mode)
[19.15.22] [E8dP9#1] POLISI-FOXY: enabled noclip
[19.15.22] [E8dP9#1] POLISI-FOXY: became mortal (standard mode)
[19.15.56] [E8dP9#1] POLISI-FOXY: enabled noclip
[19.16.00] [E8dP9#1] POLISI-FOXY: became mortal (standard mode)
[19.16.16] [E8dP9#1] POLISI-FOXY: enabled noclip
[19.16.18] [E8dP9#1] POLISI-FOXY: became mortal (standard mode)
[19.16.55] [E8dP9#1] POLISI-FOXY: enabled noclip
[19.16.58] [E8dP9#1] POLISI-FOXY: became mortal (standard mode)
[19.18.04] [E8dP9#1] POLISI-FOXY: enabled noclip
[19.18.07] [E8dP9#1] POLISI-FOXY: said "/e ppoopa"
[19.18.08] [E8dP9#1] POLISI-FOXY: became mortal (standard mode)
[19.18.14] [E8dP9#1] POLISI-FOXY: said "/e ppoopa"
[19.18.14] [E8dP9#1] POLISI-FOXY: enabled noclip
[19.18.16] [E8dP9#1] POLISI-FOXY: became mortal (standard mode)
[19.18.36] txAdmin: Logger started
[19.19.33] [nHb8n#1] POLISI-FOXY: joined with identifiers [license:463f…1c8a, discord:1264…9285, fivem:16648646, license2:5293…63ec]
[19.20.19] [nHb8n#1] POLISI-FOXY: enabled noclip
[19.20.37] [nHb8n#1] POLISI-FOXY: said "/e ppoopa"
[19.20.38] [nHb8n#1] POLISI-FOXY: became mortal (standard mode)
[19.20.38] [nHb8n#1] POLISI-FOXY: enabled noclip
[19.20.39] [nHb8n#1] POLISI-FOXY: became mortal (standard mode)
[19.20.48] [nHb8n#1] POLISI-FOXY: enabled noclip
[19.20.50] [nHb8n#1] POLISI-FOXY: became mortal (standard mode)
[19.20.52] [nHb8n#1] POLISI-FOXY: enabled noclip
[19.21.03] [nHb8n#1] POLISI-FOXY: became mortal (standard mode)
[19.21.38] [nHb8n#1] POLISI-FOXY: enabled noclip
[19.22.04] [nHb8n#1] POLISI-FOXY: said "/e ppoopa"
[19.22.04] [nHb8n#1] POLISI-FOXY: became mortal (standard mode)
[19.23.32] [nHb8n#1] POLISI-FOXY: disconnected (Exiting)
[19.32.35] txAdmin: Logger started
[19.33.09] [YTUkQ#1] POLISI-FOXY: joined with identifiers [license:463f…1c8a, discord:1264…9285, fivem:16648646, license2:5293…63ec]
[19.33.49] [YTUkQ#1] POLISI-FOXY: disconnected (Exiting)
[19.35.38] [YTUkQ#2] POLISI-FOXY: joined with identifiers [license:463f…1c8a, discord:1264…9285, fivem:16648646, license2:5293…63ec]
[19.36.07] [YTUkQ#2] POLISI-FOXY: said "/skin"
[19.50.18] [YTUkQ#2] POLISI-FOXY: enabled god mode
[19.50.20] [YTUkQ#2] POLISI-FOXY: enabled noclip
[19.50.28] [YTUkQ#2] POLISI-FOXY: became mortal (standard mode)
[19.50.29] [YTUkQ#2] POLISI-FOXY: enabled god mode
[19.50.37] [YTUkQ#2] POLISI-FOXY: died from suicide (Falling)
[19.50.39] [YTUkQ#2] POLISI-FOXY: healed themself
[19.50.41] [YTUkQ#2] POLISI-FOXY: became mortal (standard mode)
[19.54.09] [YTUkQ#2] POLISI-FOXY: said "/heal"
[20.01.27] [YTUkQ#2] POLISI-FOXY: enabled noclip
[20.01.28] [YTUkQ#2] POLISI-FOXY: became mortal (standard mode)
[20.01.30] [YTUkQ#2] POLISI-FOXY: enabled noclip
[20.01.30] [YTUkQ#2] POLISI-FOXY: became mortal (standard mode)
[20.01.41] [YTUkQ#2] POLISI-FOXY: spawned a vehicle (model: neon)
[20.06.26] [YTUkQ#2] POLISI-FOXY: disconnected (Exiting)
